ADDRESS=4
ARRAYDESC=4
BITMAPFILEHEADER=2
CHARFORMATA=4
CHARFORMATW=4
EDITSTREAM=4
ELEMDESC=4
FLOAT128=16
FORMATETC=4
FUNCDESC=4
IDLDESC=4
INPUT_RECORD=4
LOADED_IMAGE=4
PARAMDESC=4
PARAMDESCEX=8
SETJMP_FLOAT128=16
TEXTMETRICA=4
TEXTMETRICW=4
NEWTEXTMETRICA=4
NEWTEXTMETRICW=4
NEWTEXTMETRICEXA=4
NEWTEXTMETRICEXW=4
TLIBATTR=4
TYPEDESC=4
VARDESC=4
WSADATA=4
XMFLOAT2A=16
XMFLOAT3A=16
XMFLOAT4A=16
XMFLOAT4X3A=16
XMFLOAT4X4A=16
XMMATRIX=16
XMVECTORF32=16
XMVECTORI32=16
XMVECTORU32=16
XMVECTORU8=16
_FP128=16
_FPQ64=16
_I64=8
_U64=8
__m128=16
__m128d=16
__m128i=16
__m256=32
__m256d=32
__m256i=32
__m64=8
