*
ATOM
BCRYPT_ALG_HANDLE
BOOL
BOOLEAN
BYTE
CHAR
COLORREF
DWORD
DWORD32
DWORD64
DWORD_PTR
GLOBALHANDLE
HALF_PTR
HANDLE
HANIMATIONBUFFER
HBITMAP
HCERTCHAINENGINE
HCRYPTASYNC
HCURSOR
HDWP
HFILE
HGLOBAL
HIMAGELIST
HKEY
HLOCAL
HOBJECT
HPAINTBUFFER
HRESULT
HTHEME
HTREEITEM
HUSKEY
HWND
INT32
INT64
INT8
INT_16
INT_PTR
LOCALHANDLE
LONG
LONG16
LONG32
LONG64
LONG8
LONGLONG
LONG_PTR
LPARAM
LPCSTR
LPSTR
LPVOID
LPWSTR
LRESULT
OLECHAR
PBYTE
PCHAR
PDWORD
PQWORD
PVOID
PWORD
QWORD
REAL4
REAL8
SBYTE
SDWORD
SHORT
SIZE_T
SOCKET
SWORD
UHALF_PTR
UINT
UINT32
UINT64
UINT8
UINT_16
UINT_PTR
ULONG
ULONG16
ULONG32
ULONG64
ULONG8
ULONGLONG
ULONG_PTR
USHORT
WCHAR
WORD
WPARAM
__int16
__int32
__int64
__int8
byte
char
double
float
int
long
short
signed
size_t
u_long
unsigned
void
wint_t
